<?xml version="1.0" encoding="UTF-8"?>
<coverage generated="1622546160280" clover="3.2.0">
  <project timestamp="1622546160280" name="All files">
    <metrics statements="110" coveredstatements="85" conditionals="50" coveredconditionals="38" methods="36" coveredmethods="29" elements="196" coveredelements="152" complexity="0" loc="110" ncloc="110" packages="3" files="7" classes="7"/>
    <package name="TestApp">
      <metrics statements="8" coveredstatements="8" conditionals="10" coveredconditionals="5" methods="2" coveredmethods="2"/>
      <file name="App.js" path="/Users/rohitbansal/Desktop/RN/TestApp/App.js">
        <metrics statements="8" coveredstatements="8" conditionals="10" coveredconditionals="5" methods="2" coveredmethods="2"/>
        <line num="29" count="1" type="stmt"/>
        <line num="30" count="4" type="stmt"/>
        <line num="31" count="4" type="stmt"/>
        <line num="55" count="1" type="stmt"/>
        <line num="56" count="1" type="stmt"/>
        <line num="58" count="1" type="stmt"/>
        <line num="62" count="1" type="stmt"/>
        <line num="93" count="1" type="stmt"/>
      </file>
    </package>
    <package name="TestApp.src.login">
      <metrics statements="16" coveredstatements="16" conditionals="10" coveredconditionals="10" methods="4" coveredmethods="4"/>
      <file name="LoginScreen.js" path="/Users/rohitbansal/Desktop/RN/TestApp/src/login/LoginScreen.js">
        <metrics statements="16" coveredstatements="16" conditionals="10" coveredconditionals="10" methods="4" coveredmethods="4"/>
        <line num="12" count="1" type="stmt"/>
        <line num="17" count="1" type="stmt"/>
        <line num="18" count="12" type="stmt"/>
        <line num="19" count="12" type="stmt"/>
        <line num="20" count="12" type="stmt"/>
        <line num="22" count="12" type="stmt"/>
        <line num="23" count="4" type="cond" truecount="4" falsecount="0"/>
        <line num="24" count="1" type="stmt"/>
        <line num="25" count="3" type="cond" truecount="2" falsecount="0"/>
        <line num="26" count="1" type="stmt"/>
        <line num="27" count="2" type="cond" truecount="2" falsecount="0"/>
        <line num="28" count="1" type="stmt"/>
        <line num="30" count="1" type="stmt"/>
        <line num="33" count="12" type="stmt"/>
        <line num="46" count="2" type="stmt"/>
        <line num="53" count="2" type="stmt"/>
      </file>
      <file name="LoginStyle.js" path="/Users/rohitbansal/Desktop/RN/TestApp/src/login/LoginStyle.js">
        <metrics statements="0" coveredstatements="0" conditionals="0" coveredconditionals="0" methods="0" coveredmethods="0"/>
      </file>
    </package>
    <package name="TestApp.src.notesApp">
      <metrics statements="86" coveredstatements="61" conditionals="30" coveredconditionals="23" methods="30" coveredmethods="23"/>
      <file name="AddEditNote.js" path="/Users/rohitbansal/Desktop/RN/TestApp/src/notesApp/AddEditNote.js">
        <metrics statements="15" coveredstatements="14" conditionals="6" coveredconditionals="3" methods="5" coveredmethods="5"/>
        <line num="4" count="1" type="stmt"/>
        <line num="13" count="13" type="stmt"/>
        <line num="14" count="13" type="stmt"/>
        <line num="15" count="13" type="stmt"/>
        <line num="16" count="2" type="cond" truecount="1" falsecount="1"/>
        <line num="17" count="2" type="stmt"/>
        <line num="18" count="2" type="stmt"/>
        <line num="21" count="13" type="stmt"/>
        <line num="22" count="2" type="cond" truecount="1" falsecount="1"/>
        <line num="23" count="2" type="stmt"/>
        <line num="24" count="2" type="stmt"/>
        <line num="26" count="0" type="stmt"/>
        <line num="28" count="13" type="stmt"/>
        <line num="35" count="2" type="stmt"/>
        <line num="55" count="2" type="stmt"/>
      </file>
      <file name="App.js" path="/Users/rohitbansal/Desktop/RN/TestApp/src/notesApp/App.js">
        <metrics statements="60" coveredstatements="37" conditionals="16" coveredconditionals="12" methods="18" coveredmethods="12"/>
        <line num="12" count="1" type="stmt"/>
        <line num="13" count="30" type="stmt"/>
        <line num="14" count="29" type="stmt"/>
        <line num="15" count="29" type="stmt"/>
        <line num="16" count="29" type="stmt"/>
        <line num="17" count="29" type="stmt"/>
        <line num="19" count="29" type="stmt"/>
        <line num="20" count="7" type="stmt"/>
        <line num="23" count="29" type="stmt"/>
        <line num="24" count="7" type="stmt"/>
        <line num="25" count="7" type="stmt"/>
        <line num="28" count="6" type="stmt"/>
        <line num="29" count="6" type="stmt"/>
        <line num="32" count="1" type="stmt"/>
        <line num="35" count="29" type="stmt"/>
        <line num="36" count="1" type="stmt"/>
        <line num="38" count="1" type="stmt"/>
        <line num="41" count="0" type="stmt"/>
        <line num="42" count="0" type="stmt"/>
        <line num="43" count="0" type="stmt"/>
        <line num="45" count="1" type="stmt"/>
        <line num="58" count="29" type="stmt"/>
        <line num="59" count="2" type="cond" truecount="4" falsecount="0"/>
        <line num="60" count="1" type="stmt"/>
        <line num="61" count="1" type="stmt"/>
        <line num="63" count="1" type="stmt"/>
        <line num="64" count="1" type="stmt"/>
        <line num="69" count="0" type="stmt"/>
        <line num="70" count="0" type="stmt"/>
        <line num="71" count="0" type="stmt"/>
        <line num="72" count="0" type="stmt"/>
        <line num="73" count="0" type="stmt"/>
        <line num="74" count="0" type="stmt"/>
        <line num="77" count="1" type="stmt"/>
        <line num="79" count="1" type="stmt"/>
        <line num="103" count="29" type="stmt"/>
        <line num="104" count="0" type="cond" truecount="0" falsecount="4"/>
        <line num="105" count="0" type="stmt"/>
        <line num="106" count="0" type="stmt"/>
        <line num="108" count="0" type="stmt"/>
        <line num="109" count="0" type="stmt"/>
        <line num="117" count="0" type="stmt"/>
        <line num="118" count="0" type="stmt"/>
        <line num="119" count="0" type="stmt"/>
        <line num="120" count="0" type="stmt"/>
        <line num="123" count="0" type="stmt"/>
        <line num="124" count="0" type="stmt"/>
        <line num="128" count="29" type="stmt"/>
        <line num="129" count="1" type="stmt"/>
        <line num="132" count="1" type="stmt"/>
        <line num="134" count="0" type="stmt"/>
        <line num="135" count="0" type="stmt"/>
        <line num="136" count="0" type="stmt"/>
        <line num="139" count="1" type="stmt"/>
        <line num="140" count="1" type="stmt"/>
        <line num="157" count="29" type="stmt"/>
        <line num="158" count="2" type="stmt"/>
        <line num="159" count="2" type="stmt"/>
        <line num="160" count="2" type="stmt"/>
        <line num="163" count="29" type="stmt"/>
      </file>
      <file name="NotesItem.js" path="/Users/rohitbansal/Desktop/RN/TestApp/src/notesApp/NotesItem.js">
        <metrics statements="4" coveredstatements="4" conditionals="0" coveredconditionals="0" methods="3" coveredmethods="3"/>
        <line num="3" count="3" type="stmt"/>
        <line num="4" count="8" type="stmt"/>
        <line num="11" count="2" type="stmt"/>
        <line num="17" count="2" type="stmt"/>
      </file>
      <file name="NotesList.js" path="/Users/rohitbansal/Desktop/RN/TestApp/src/notesApp/NotesList.js">
        <metrics statements="7" coveredstatements="6" conditionals="8" coveredconditionals="8" methods="4" coveredmethods="3"/>
        <line num="4" count="2" type="stmt"/>
        <line num="5" count="26" type="stmt"/>
        <line num="6" count="6" type="stmt"/>
        <line num="15" count="26" type="stmt"/>
        <line num="16" count="0" type="stmt"/>
        <line num="27" count="26" type="stmt"/>
        <line num="49" count="6" type="stmt"/>
      </file>
    </package>
  </project>
</coverage>
