<?xml version="1.0" encoding="UTF-8"?>
<coverage generated="1622613815361" clover="3.2.0">
  <project timestamp="1622613815361" name="All files">
    <metrics statements="112" coveredstatements="91" conditionals="44" coveredconditionals="33" methods="39" coveredmethods="29" elements="195" coveredelements="153" complexity="0" loc="112" ncloc="112" packages="3" files="7" classes="7"/>
    <package name="TestApp">
      <metrics statements="8" coveredstatements="8" conditionals="10" coveredconditionals="5" methods="2" coveredmethods="2"/>
      <file name="App.js" path="/Users/rohitbansal/Desktop/RN/TestApp/App.js">
        <metrics statements="8" coveredstatements="8" conditionals="10" coveredconditionals="5" methods="2" coveredmethods="2"/>
        <line num="29" count="1" type="stmt"/>
        <line num="30" count="4" type="stmt"/>
        <line num="31" count="4" type="stmt"/>
        <line num="55" count="1" type="stmt"/>
        <line num="56" count="1" type="stmt"/>
        <line num="58" count="1" type="stmt"/>
        <line num="62" count="1" type="stmt"/>
        <line num="93" count="1" type="stmt"/>
      </file>
    </package>
    <package name="TestApp.src.login">
      <metrics statements="16" coveredstatements="16" conditionals="10" coveredconditionals="10" methods="4" coveredmethods="4"/>
      <file name="LoginScreen.js" path="/Users/rohitbansal/Desktop/RN/TestApp/src/login/LoginScreen.js">
        <metrics statements="16" coveredstatements="16" conditionals="10" coveredconditionals="10" methods="4" coveredmethods="4"/>
        <line num="12" count="1" type="stmt"/>
        <line num="17" count="1" type="stmt"/>
        <line num="18" count="12" type="stmt"/>
        <line num="19" count="12" type="stmt"/>
        <line num="20" count="12" type="stmt"/>
        <line num="22" count="12" type="stmt"/>
        <line num="23" count="4" type="cond" truecount="4" falsecount="0"/>
        <line num="24" count="1" type="stmt"/>
        <line num="25" count="3" type="cond" truecount="2" falsecount="0"/>
        <line num="26" count="1" type="stmt"/>
        <line num="27" count="2" type="cond" truecount="2" falsecount="0"/>
        <line num="28" count="1" type="stmt"/>
        <line num="30" count="1" type="stmt"/>
        <line num="33" count="12" type="stmt"/>
        <line num="46" count="2" type="stmt"/>
        <line num="53" count="2" type="stmt"/>
      </file>
      <file name="LoginStyle.js" path="/Users/rohitbansal/Desktop/RN/TestApp/src/login/LoginStyle.js">
        <metrics statements="0" coveredstatements="0" conditionals="0" coveredconditionals="0" methods="0" coveredmethods="0"/>
      </file>
    </package>
    <package name="TestApp.src.notesApp">
      <metrics statements="88" coveredstatements="67" conditionals="24" coveredconditionals="18" methods="33" coveredmethods="23"/>
      <file name="AddEditNote.js" path="/Users/rohitbansal/Desktop/RN/TestApp/src/notesApp/AddEditNote.js">
        <metrics statements="16" coveredstatements="15" conditionals="6" coveredconditionals="4" methods="5" coveredmethods="5"/>
        <line num="4" count="1" type="stmt"/>
        <line num="14" count="40" type="stmt"/>
        <line num="15" count="40" type="stmt"/>
        <line num="16" count="40" type="stmt"/>
        <line num="17" count="10" type="cond" truecount="1" falsecount="1"/>
        <line num="18" count="10" type="stmt"/>
        <line num="19" count="10" type="stmt"/>
        <line num="22" count="40" type="stmt"/>
        <line num="23" count="2" type="stmt"/>
        <line num="24" count="2" type="cond" truecount="1" falsecount="1"/>
        <line num="25" count="2" type="stmt"/>
        <line num="26" count="2" type="stmt"/>
        <line num="28" count="0" type="stmt"/>
        <line num="30" count="40" type="stmt"/>
        <line num="37" count="2" type="stmt"/>
        <line num="57" count="2" type="stmt"/>
      </file>
      <file name="App.js" path="/Users/rohitbansal/Desktop/RN/TestApp/src/notesApp/App.js">
        <metrics statements="60" coveredstatements="41" conditionals="18" coveredconditionals="14" methods="21" coveredmethods="12"/>
        <line num="13" count="1" type="stmt"/>
        <line num="14" count="39" type="stmt"/>
        <line num="15" count="38" type="stmt"/>
        <line num="16" count="38" type="stmt"/>
        <line num="17" count="38" type="stmt"/>
        <line num="18" count="38" type="stmt"/>
        <line num="20" count="38" type="stmt"/>
        <line num="21" count="7" type="stmt"/>
        <line num="24" count="38" type="stmt"/>
        <line num="25" count="8" type="stmt"/>
        <line num="26" count="8" type="stmt"/>
        <line num="29" count="8" type="stmt"/>
        <line num="30" count="8" type="stmt"/>
        <line num="33" count="0" type="stmt"/>
        <line num="36" count="38" type="stmt"/>
        <line num="37" count="1" type="stmt"/>
        <line num="39" count="1" type="stmt"/>
        <line num="42" count="1" type="stmt"/>
        <line num="43" count="1" type="stmt"/>
        <line num="44" count="1" type="stmt"/>
        <line num="46" count="0" type="stmt"/>
        <line num="48" count="38" type="stmt"/>
        <line num="49" count="2" type="cond" truecount="4" falsecount="0"/>
        <line num="50" count="1" type="stmt"/>
        <line num="51" count="1" type="stmt"/>
        <line num="53" count="1" type="stmt"/>
        <line num="54" count="1" type="stmt"/>
        <line num="60" count="0" type="stmt"/>
        <line num="61" count="0" type="stmt"/>
        <line num="62" count="0" type="stmt"/>
        <line num="63" count="0" type="stmt"/>
        <line num="64" count="0" type="stmt"/>
        <line num="67" count="1" type="stmt"/>
        <line num="71" count="38" type="stmt"/>
        <line num="72" count="0" type="cond" truecount="0" falsecount="4"/>
        <line num="73" count="0" type="stmt"/>
        <line num="74" count="0" type="stmt"/>
        <line num="76" count="0" type="stmt"/>
        <line num="77" count="0" type="stmt"/>
        <line num="85" count="0" type="stmt"/>
        <line num="86" count="0" type="stmt"/>
        <line num="87" count="0" type="stmt"/>
        <line num="88" count="0" type="stmt"/>
        <line num="91" count="0" type="stmt"/>
        <line num="95" count="38" type="stmt"/>
        <line num="96" count="1" type="stmt"/>
        <line num="97" count="1" type="stmt"/>
        <line num="108" count="1" type="stmt"/>
        <line num="109" count="1" type="stmt"/>
        <line num="111" count="1" type="stmt"/>
        <line num="114" count="1" type="stmt"/>
        <line num="115" count="1" type="stmt"/>
        <line num="116" count="1" type="stmt"/>
        <line num="119" count="0" type="stmt"/>
        <line num="128" count="38" type="stmt"/>
        <line num="129" count="2" type="stmt"/>
        <line num="130" count="2" type="stmt"/>
        <line num="131" count="2" type="stmt"/>
        <line num="136" count="38" type="stmt"/>
        <line num="210" count="0" type="stmt"/>
      </file>
      <file name="NotesItem.js" path="/Users/rohitbansal/Desktop/RN/TestApp/src/notesApp/NotesItem.js">
        <metrics statements="5" coveredstatements="5" conditionals="0" coveredconditionals="0" methods="3" coveredmethods="3"/>
        <line num="3" count="3" type="stmt"/>
        <line num="4" count="9" type="stmt"/>
        <line num="7" count="1" type="stmt"/>
        <line num="9" count="1" type="stmt"/>
        <line num="23" count="3" type="stmt"/>
      </file>
      <file name="NotesList.js" path="/Users/rohitbansal/Desktop/RN/TestApp/src/notesApp/NotesList.js">
        <metrics statements="7" coveredstatements="6" conditionals="0" coveredconditionals="0" methods="4" coveredmethods="3"/>
        <line num="5" count="2" type="stmt"/>
        <line num="6" count="9" type="stmt"/>
        <line num="7" count="7" type="stmt"/>
        <line num="16" count="9" type="stmt"/>
        <line num="17" count="0" type="stmt"/>
        <line num="28" count="9" type="stmt"/>
        <line num="42" count="7" type="stmt"/>
      </file>
    </package>
  </project>
</coverage>
