{"/Users/rohitbansal/Desktop/RN/TestApp/App.js": {"path":"/Users/rohitbansal/Desktop/RN/TestApp/App.js","statementMap":{"0":{"start":{"line":29,"column":16},"end":{"line":53,"column":1}},"1":{"start":{"line":30,"column":21},"end":{"line":30,"column":48}},"2":{"start":{"line":31,"column":2},"end":{"line":52,"column":4}},"3":{"start":{"line":55,"column":24},"end":{"line":91,"column":1}},"4":{"start":{"line":56,"column":21},"end":{"line":56,"column":48}},"5":{"start":{"line":58,"column":26},"end":{"line":60,"column":3}},"6":{"start":{"line":62,"column":2},"end":{"line":90,"column":4}},"7":{"start":{"line":93,"column":15},"end":{"line":110,"column":2}}},"fnMap":{"0":{"name":"(anonymous_0)","decl":{"start":{"line":29,"column":16},"end":{"line":29,"column":17}},"loc":{"start":{"line":29,"column":45},"end":{"line":53,"column":1}},"line":29},"1":{"name":"(anonymous_1)","decl":{"start":{"line":55,"column":24},"end":{"line":55,"column":25}},"loc":{"start":{"line":55,"column":30},"end":{"line":91,"column":1}},"line":55}},"branchMap":{"0":{"loc":{"start":{"line":37,"column":19},"end":{"line":37,"column":59}},"type":"cond-expr","locations":[{"start":{"line":37,"column":32},"end":{"line":37,"column":44}},{"start":{"line":37,"column":47},"end":{"line":37,"column":59}}],"line":37},"1":{"loc":{"start":{"line":46,"column":19},"end":{"line":46,"column":58}},"type":"cond-expr","locations":[{"start":{"line":46,"column":32},"end":{"line":46,"column":44}},{"start":{"line":46,"column":47},"end":{"line":46,"column":58}}],"line":46},"2":{"loc":{"start":{"line":59,"column":21},"end":{"line":59,"column":64}},"type":"cond-expr","locations":[{"start":{"line":59,"column":34},"end":{"line":59,"column":47}},{"start":{"line":59,"column":50},"end":{"line":59,"column":64}}],"line":59},"3":{"loc":{"start":{"line":64,"column":27},"end":{"line":64,"column":72}},"type":"cond-expr","locations":[{"start":{"line":64,"column":40},"end":{"line":64,"column":55}},{"start":{"line":64,"column":58},"end":{"line":64,"column":72}}],"line":64},"4":{"loc":{"start":{"line":71,"column":29},"end":{"line":71,"column":69}},"type":"cond-expr","locations":[{"start":{"line":71,"column":42},"end":{"line":71,"column":54}},{"start":{"line":71,"column":57},"end":{"line":71,"column":69}}],"line":71}},"s":{"0":1,"1":4,"2":4,"3":1,"4":1,"5":1,"6":1,"7":1},"f":{"0":4,"1":1},"b":{"0":[0,4],"1":[0,4],"2":[0,1],"3":[0,1],"4":[0,1]},"_coverageSchema":"1a1c01bbd47fc00a2c39e90264f33305004495a9","hash":"e5c545b7ae04966b23bdbb5af6efa36ac01ea1ea"}
,"/Users/rohitbansal/Desktop/RN/TestApp/src/login/LoginScreen.js": {"path":"/Users/rohitbansal/Desktop/RN/TestApp/src/login/LoginScreen.js","statementMap":{"0":{"start":{"line":12,"column":32},"end":{"line":16,"column":1}},"1":{"start":{"line":17,"column":14},"end":{"line":67,"column":1}},"2":{"start":{"line":18,"column":34},"end":{"line":18,"column":46}},"3":{"start":{"line":19,"column":34},"end":{"line":19,"column":46}},"4":{"start":{"line":20,"column":48},"end":{"line":20,"column":60}},"5":{"start":{"line":22,"column":23},"end":{"line":32,"column":3}},"6":{"start":{"line":23,"column":4},"end":{"line":31,"column":5}},"7":{"start":{"line":24,"column":6},"end":{"line":24,"column":53}},"8":{"start":{"line":25,"column":11},"end":{"line":31,"column":5}},"9":{"start":{"line":26,"column":6},"end":{"line":26,"column":57}},"10":{"start":{"line":27,"column":11},"end":{"line":31,"column":5}},"11":{"start":{"line":28,"column":6},"end":{"line":28,"column":57}},"12":{"start":{"line":30,"column":6},"end":{"line":30,"column":62}},"13":{"start":{"line":33,"column":2},"end":{"line":66,"column":4}},"14":{"start":{"line":46,"column":32},"end":{"line":46,"column":49}},"15":{"start":{"line":53,"column":32},"end":{"line":53,"column":49}}},"fnMap":{"0":{"name":"(anonymous_0)","decl":{"start":{"line":17,"column":14},"end":{"line":17,"column":15}},"loc":{"start":{"line":17,"column":20},"end":{"line":67,"column":1}},"line":17},"1":{"name":"(anonymous_1)","decl":{"start":{"line":22,"column":23},"end":{"line":22,"column":24}},"loc":{"start":{"line":22,"column":29},"end":{"line":32,"column":3}},"line":22},"2":{"name":"(anonymous_2)","decl":{"start":{"line":46,"column":24},"end":{"line":46,"column":25}},"loc":{"start":{"line":46,"column":32},"end":{"line":46,"column":49}},"line":46},"3":{"name":"(anonymous_3)","decl":{"start":{"line":53,"column":24},"end":{"line":53,"column":25}},"loc":{"start":{"line":53,"column":32},"end":{"line":53,"column":49}},"line":53}},"branchMap":{"0":{"loc":{"start":{"line":23,"column":4},"end":{"line":31,"column":5}},"type":"if","locations":[{"start":{"line":23,"column":4},"end":{"line":31,"column":5}},{"start":{"line":23,"column":4},"end":{"line":31,"column":5}}],"line":23},"1":{"loc":{"start":{"line":23,"column":8},"end":{"line":23,"column":54}},"type":"binary-expr","locations":[{"start":{"line":23,"column":8},"end":{"line":23,"column":29}},{"start":{"line":23,"column":33},"end":{"line":23,"column":54}}],"line":23},"2":{"loc":{"start":{"line":25,"column":11},"end":{"line":31,"column":5}},"type":"if","locations":[{"start":{"line":25,"column":11},"end":{"line":31,"column":5}},{"start":{"line":25,"column":11},"end":{"line":31,"column":5}}],"line":25},"3":{"loc":{"start":{"line":27,"column":11},"end":{"line":31,"column":5}},"type":"if","locations":[{"start":{"line":27,"column":11},"end":{"line":31,"column":5}},{"start":{"line":27,"column":11},"end":{"line":31,"column":5}}],"line":27},"4":{"loc":{"start":{"line":35,"column":7},"end":{"line":39,"column":7}},"type":"binary-expr","locations":[{"start":{"line":35,"column":7},"end":{"line":35,"column":35}},{"start":{"line":36,"column":8},"end":{"line":38,"column":15}}],"line":35}},"s":{"0":1,"1":1,"2":12,"3":12,"4":12,"5":12,"6":4,"7":1,"8":3,"9":1,"10":2,"11":1,"12":1,"13":12,"14":2,"15":2},"f":{"0":12,"1":4,"2":2,"3":2},"b":{"0":[1,3],"1":[4,2],"2":[1,2],"3":[1,1],"4":[12,3]},"_coverageSchema":"1a1c01bbd47fc00a2c39e90264f33305004495a9","hash":"826fd72b6701ab47975bfaae94e435de12781882"}
,"/Users/rohitbansal/Desktop/RN/TestApp/src/login/LoginStyle.js": {"path":"/Users/rohitbansal/Desktop/RN/TestApp/src/login/LoginStyle.js","statementMap":{},"fnMap":{},"branchMap":{},"s":{},"f":{},"b":{},"_coverageSchema":"1a1c01bbd47fc00a2c39e90264f33305004495a9","hash":"a5b8a33e302aa5fcc96b2f9502d437f434f0d855"}
,"/Users/rohitbansal/Desktop/RN/TestApp/src/notesApp/AddEditNote.js": {"path":"/Users/rohitbansal/Desktop/RN/TestApp/src/notesApp/AddEditNote.js","statementMap":{"0":{"start":{"line":4,"column":13},"end":{"line":94,"column":1}},"1":{"start":{"line":14,"column":28},"end":{"line":14,"column":40}},"2":{"start":{"line":15,"column":40},"end":{"line":15,"column":52}},"3":{"start":{"line":16,"column":2},"end":{"line":21,"column":24}},"4":{"start":{"line":17,"column":4},"end":{"line":20,"column":5}},"5":{"start":{"line":18,"column":6},"end":{"line":18,"column":27}},"6":{"start":{"line":19,"column":6},"end":{"line":19,"column":32}},"7":{"start":{"line":22,"column":23},"end":{"line":29,"column":3}},"8":{"start":{"line":23,"column":4},"end":{"line":23,"column":37}},"9":{"start":{"line":24,"column":4},"end":{"line":27,"column":5}},"10":{"start":{"line":25,"column":6},"end":{"line":25,"column":34}},"11":{"start":{"line":26,"column":6},"end":{"line":26,"column":13}},"12":{"start":{"line":28,"column":4},"end":{"line":28,"column":44}},"13":{"start":{"line":30,"column":2},"end":{"line":93,"column":4}},"14":{"start":{"line":37,"column":32},"end":{"line":37,"column":46}},"15":{"start":{"line":57,"column":32},"end":{"line":57,"column":52}}},"fnMap":{"0":{"name":"(anonymous_0)","decl":{"start":{"line":4,"column":13},"end":{"line":4,"column":14}},"loc":{"start":{"line":13,"column":6},"end":{"line":94,"column":1}},"line":13},"1":{"name":"(anonymous_1)","decl":{"start":{"line":16,"column":12},"end":{"line":16,"column":13}},"loc":{"start":{"line":16,"column":18},"end":{"line":21,"column":3}},"line":16},"2":{"name":"(anonymous_2)","decl":{"start":{"line":22,"column":23},"end":{"line":22,"column":24}},"loc":{"start":{"line":22,"column":29},"end":{"line":29,"column":3}},"line":22},"3":{"name":"(anonymous_3)","decl":{"start":{"line":37,"column":24},"end":{"line":37,"column":25}},"loc":{"start":{"line":37,"column":32},"end":{"line":37,"column":46}},"line":37},"4":{"name":"(anonymous_4)","decl":{"start":{"line":57,"column":24},"end":{"line":57,"column":25}},"loc":{"start":{"line":57,"column":32},"end":{"line":57,"column":52}},"line":57}},"branchMap":{"0":{"loc":{"start":{"line":17,"column":4},"end":{"line":20,"column":5}},"type":"if","locations":[{"start":{"line":17,"column":4},"end":{"line":20,"column":5}},{"start":{"line":17,"column":4},"end":{"line":20,"column":5}}],"line":17},"1":{"loc":{"start":{"line":24,"column":4},"end":{"line":27,"column":5}},"type":"if","locations":[{"start":{"line":24,"column":4},"end":{"line":27,"column":5}},{"start":{"line":24,"column":4},"end":{"line":27,"column":5}}],"line":24},"2":{"loc":{"start":{"line":80,"column":13},"end":{"line":80,"column":49}},"type":"cond-expr","locations":[{"start":{"line":80,"column":23},"end":{"line":80,"column":36}},{"start":{"line":80,"column":39},"end":{"line":80,"column":49}}],"line":80}},"s":{"0":1,"1":40,"2":40,"3":40,"4":10,"5":10,"6":10,"7":40,"8":2,"9":2,"10":2,"11":2,"12":0,"13":40,"14":2,"15":2},"f":{"0":40,"1":10,"2":2,"3":2,"4":2},"b":{"0":[10,0],"1":[2,0],"2":[3,37]},"_coverageSchema":"1a1c01bbd47fc00a2c39e90264f33305004495a9","hash":"c972e7b1ae7d170d8c4640ac254e41bfa783f077"}
,"/Users/rohitbansal/Desktop/RN/TestApp/src/notesApp/App.js": {"path":"/Users/rohitbansal/Desktop/RN/TestApp/src/notesApp/App.js","statementMap":{"0":{"start":{"line":13,"column":12},"end":{"line":220,"column":1}},"1":{"start":{"line":14,"column":28},"end":{"line":14,"column":40}},"2":{"start":{"line":15,"column":26},"end":{"line":15,"column":38}},"3":{"start":{"line":16,"column":30},"end":{"line":16,"column":61}},"4":{"start":{"line":17,"column":30},"end":{"line":17,"column":45}},"5":{"start":{"line":18,"column":32},"end":{"line":18,"column":47}},"6":{"start":{"line":20,"column":2},"end":{"line":22,"column":9}},"7":{"start":{"line":21,"column":4},"end":{"line":21,"column":15}},"8":{"start":{"line":24,"column":19},"end":{"line":35,"column":3}},"9":{"start":{"line":25,"column":4},"end":{"line":25,"column":21}},"10":{"start":{"line":26,"column":4},"end":{"line":34,"column":9}},"11":{"start":{"line":29,"column":8},"end":{"line":29,"column":26}},"12":{"start":{"line":30,"column":8},"end":{"line":30,"column":38}},"13":{"start":{"line":33,"column":8},"end":{"line":33,"column":27}},"14":{"start":{"line":36,"column":18},"end":{"line":47,"column":3}},"15":{"start":{"line":37,"column":4},"end":{"line":37,"column":21}},"16":{"start":{"line":39,"column":4},"end":{"line":46,"column":60}},"17":{"start":{"line":42,"column":8},"end":{"line":42,"column":37}},"18":{"start":{"line":43,"column":8},"end":{"line":43,"column":26}},"19":{"start":{"line":44,"column":8},"end":{"line":44,"column":24}},"20":{"start":{"line":46,"column":22},"end":{"line":46,"column":58}},"21":{"start":{"line":48,"column":18},"end":{"line":69,"column":3}},"22":{"start":{"line":49,"column":4},"end":{"line":52,"column":5}},"23":{"start":{"line":50,"column":6},"end":{"line":50,"column":67}},"24":{"start":{"line":51,"column":6},"end":{"line":51,"column":13}},"25":{"start":{"line":53,"column":4},"end":{"line":53,"column":21}},"26":{"start":{"line":54,"column":4},"end":{"line":68,"column":9}},"27":{"start":{"line":60,"column":8},"end":{"line":60,"column":26}},"28":{"start":{"line":61,"column":8},"end":{"line":61,"column":19}},"29":{"start":{"line":62,"column":8},"end":{"line":62,"column":25}},"30":{"start":{"line":63,"column":8},"end":{"line":63,"column":41}},"31":{"start":{"line":64,"column":8},"end":{"line":64,"column":51}},"32":{"start":{"line":67,"column":8},"end":{"line":67,"column":46}},"33":{"start":{"line":71,"column":21},"end":{"line":93,"column":3}},"34":{"start":{"line":72,"column":4},"end":{"line":75,"column":5}},"35":{"start":{"line":73,"column":6},"end":{"line":73,"column":67}},"36":{"start":{"line":74,"column":6},"end":{"line":74,"column":13}},"37":{"start":{"line":76,"column":4},"end":{"line":76,"column":21}},"38":{"start":{"line":77,"column":4},"end":{"line":92,"column":9}},"39":{"start":{"line":85,"column":8},"end":{"line":85,"column":19}},"40":{"start":{"line":86,"column":8},"end":{"line":86,"column":25}},"41":{"start":{"line":87,"column":8},"end":{"line":87,"column":26}},"42":{"start":{"line":88,"column":8},"end":{"line":88,"column":54}},"43":{"start":{"line":91,"column":8},"end":{"line":91,"column":48}},"44":{"start":{"line":95,"column":21},"end":{"line":126,"column":3}},"45":{"start":{"line":96,"column":4},"end":{"line":96,"column":45}},"46":{"start":{"line":97,"column":4},"end":{"line":125,"column":6}},"47":{"start":{"line":108,"column":12},"end":{"line":108,"column":52}},"48":{"start":{"line":109,"column":12},"end":{"line":109,"column":29}},"49":{"start":{"line":111,"column":12},"end":{"line":120,"column":17}},"50":{"start":{"line":114,"column":16},"end":{"line":114,"column":27}},"51":{"start":{"line":115,"column":16},"end":{"line":115,"column":34}},"52":{"start":{"line":116,"column":16},"end":{"line":116,"column":61}},"53":{"start":{"line":119,"column":16},"end":{"line":119,"column":56}},"54":{"start":{"line":128,"column":20},"end":{"line":132,"column":3}},"55":{"start":{"line":129,"column":4},"end":{"line":129,"column":37}},"56":{"start":{"line":130,"column":4},"end":{"line":130,"column":16}},"57":{"start":{"line":131,"column":4},"end":{"line":131,"column":23}},"58":{"start":{"line":136,"column":2},"end":{"line":219,"column":4}},"59":{"start":{"line":210,"column":28},"end":{"line":210,"column":44}}},"fnMap":{"0":{"name":"(anonymous_0)","decl":{"start":{"line":13,"column":12},"end":{"line":13,"column":13}},"loc":{"start":{"line":13,"column":18},"end":{"line":220,"column":1}},"line":13},"1":{"name":"(anonymous_1)","decl":{"start":{"line":20,"column":12},"end":{"line":20,"column":13}},"loc":{"start":{"line":20,"column":18},"end":{"line":22,"column":3}},"line":20},"2":{"name":"(anonymous_2)","decl":{"start":{"line":24,"column":19},"end":{"line":24,"column":20}},"loc":{"start":{"line":24,"column":25},"end":{"line":35,"column":3}},"line":24},"3":{"name":"(anonymous_3)","decl":{"start":{"line":28,"column":12},"end":{"line":28,"column":13}},"loc":{"start":{"line":28,"column":32},"end":{"line":31,"column":7}},"line":28},"4":{"name":"(anonymous_4)","decl":{"start":{"line":32,"column":13},"end":{"line":32,"column":14}},"loc":{"start":{"line":32,"column":30},"end":{"line":34,"column":7}},"line":32},"5":{"name":"(anonymous_5)","decl":{"start":{"line":36,"column":18},"end":{"line":36,"column":19}},"loc":{"start":{"line":36,"column":24},"end":{"line":47,"column":3}},"line":36},"6":{"name":"(anonymous_6)","decl":{"start":{"line":41,"column":12},"end":{"line":41,"column":13}},"loc":{"start":{"line":41,"column":32},"end":{"line":45,"column":7}},"line":41},"7":{"name":"(anonymous_7)","decl":{"start":{"line":46,"column":13},"end":{"line":46,"column":14}},"loc":{"start":{"line":46,"column":22},"end":{"line":46,"column":58}},"line":46},"8":{"name":"(anonymous_8)","decl":{"start":{"line":48,"column":18},"end":{"line":48,"column":19}},"loc":{"start":{"line":48,"column":35},"end":{"line":69,"column":3}},"line":48},"9":{"name":"(anonymous_9)","decl":{"start":{"line":59,"column":12},"end":{"line":59,"column":13}},"loc":{"start":{"line":59,"column":32},"end":{"line":65,"column":7}},"line":59},"10":{"name":"(anonymous_10)","decl":{"start":{"line":66,"column":13},"end":{"line":66,"column":14}},"loc":{"start":{"line":66,"column":30},"end":{"line":68,"column":7}},"line":66},"11":{"name":"(anonymous_11)","decl":{"start":{"line":71,"column":21},"end":{"line":71,"column":22}},"loc":{"start":{"line":71,"column":42},"end":{"line":93,"column":3}},"line":71},"12":{"name":"(anonymous_12)","decl":{"start":{"line":84,"column":12},"end":{"line":84,"column":13}},"loc":{"start":{"line":84,"column":19},"end":{"line":89,"column":7}},"line":84},"13":{"name":"(anonymous_13)","decl":{"start":{"line":90,"column":13},"end":{"line":90,"column":14}},"loc":{"start":{"line":90,"column":22},"end":{"line":92,"column":7}},"line":90},"14":{"name":"(anonymous_14)","decl":{"start":{"line":95,"column":21},"end":{"line":95,"column":22}},"loc":{"start":{"line":95,"column":27},"end":{"line":126,"column":3}},"line":95},"15":{"name":"(anonymous_15)","decl":{"start":{"line":103,"column":19},"end":{"line":103,"column":20}},"loc":{"start":{"line":103,"column":25},"end":{"line":103,"column":27}},"line":103},"16":{"name":"(anonymous_16)","decl":{"start":{"line":107,"column":19},"end":{"line":107,"column":20}},"loc":{"start":{"line":107,"column":25},"end":{"line":121,"column":11}},"line":107},"17":{"name":"(anonymous_17)","decl":{"start":{"line":113,"column":20},"end":{"line":113,"column":21}},"loc":{"start":{"line":113,"column":40},"end":{"line":117,"column":15}},"line":113},"18":{"name":"(anonymous_18)","decl":{"start":{"line":118,"column":21},"end":{"line":118,"column":22}},"loc":{"start":{"line":118,"column":38},"end":{"line":120,"column":15}},"line":118},"19":{"name":"(anonymous_19)","decl":{"start":{"line":128,"column":20},"end":{"line":128,"column":21}},"loc":{"start":{"line":128,"column":26},"end":{"line":132,"column":3}},"line":128},"20":{"name":"(anonymous_20)","decl":{"start":{"line":210,"column":22},"end":{"line":210,"column":23}},"loc":{"start":{"line":210,"column":28},"end":{"line":210,"column":44}},"line":210}},"branchMap":{"0":{"loc":{"start":{"line":49,"column":4},"end":{"line":52,"column":5}},"type":"if","locations":[{"start":{"line":49,"column":4},"end":{"line":52,"column":5}},{"start":{"line":49,"column":4},"end":{"line":52,"column":5}}],"line":49},"1":{"loc":{"start":{"line":49,"column":8},"end":{"line":49,"column":23}},"type":"binary-expr","locations":[{"start":{"line":49,"column":8},"end":{"line":49,"column":14}},{"start":{"line":49,"column":18},"end":{"line":49,"column":23}}],"line":49},"2":{"loc":{"start":{"line":72,"column":4},"end":{"line":75,"column":5}},"type":"if","locations":[{"start":{"line":72,"column":4},"end":{"line":75,"column":5}},{"start":{"line":72,"column":4},"end":{"line":75,"column":5}}],"line":72},"3":{"loc":{"start":{"line":72,"column":8},"end":{"line":72,"column":23}},"type":"binary-expr","locations":[{"start":{"line":72,"column":8},"end":{"line":72,"column":14}},{"start":{"line":72,"column":18},"end":{"line":72,"column":23}}],"line":72},"4":{"loc":{"start":{"line":148,"column":7},"end":{"line":177,"column":7}},"type":"cond-expr","locations":[{"start":{"line":149,"column":8},"end":{"line":153,"column":15}},{"start":{"line":154,"column":10},"end":{"line":177,"column":7}}],"line":148},"5":{"loc":{"start":{"line":154,"column":10},"end":{"line":177,"column":7}},"type":"cond-expr","locations":[{"start":{"line":155,"column":8},"end":{"line":166,"column":15}},{"start":{"line":168,"column":8},"end":{"line":176,"column":9}}],"line":154},"6":{"loc":{"start":{"line":154,"column":10},"end":{"line":154,"column":37}},"type":"binary-expr","locations":[{"start":{"line":154,"column":10},"end":{"line":154,"column":15}},{"start":{"line":154,"column":19},"end":{"line":154,"column":37}}],"line":154},"7":{"loc":{"start":{"line":168,"column":8},"end":{"line":176,"column":9}},"type":"binary-expr","locations":[{"start":{"line":168,"column":8},"end":{"line":168,"column":15}},{"start":{"line":169,"column":10},"end":{"line":175,"column":12}}],"line":168},"8":{"loc":{"start":{"line":202,"column":11},"end":{"line":202,"column":29}},"type":"cond-expr","locations":[{"start":{"line":202,"column":20},"end":{"line":202,"column":23}},{"start":{"line":202,"column":26},"end":{"line":202,"column":29}}],"line":202}},"s":{"0":1,"1":39,"2":38,"3":38,"4":38,"5":38,"6":38,"7":7,"8":38,"9":8,"10":8,"11":8,"12":8,"13":0,"14":38,"15":1,"16":1,"17":1,"18":1,"19":1,"20":0,"21":38,"22":2,"23":1,"24":1,"25":1,"26":1,"27":0,"28":0,"29":0,"30":0,"31":0,"32":1,"33":38,"34":0,"35":0,"36":0,"37":0,"38":0,"39":0,"40":0,"41":0,"42":0,"43":0,"44":38,"45":1,"46":1,"47":1,"48":1,"49":1,"50":1,"51":1,"52":1,"53":0,"54":38,"55":2,"56":2,"57":2,"58":38,"59":0},"f":{"0":39,"1":7,"2":8,"3":8,"4":0,"5":1,"6":1,"7":0,"8":2,"9":0,"10":1,"11":0,"12":0,"13":0,"14":1,"15":0,"16":1,"17":1,"18":0,"19":2,"20":0},"b":{"0":[1,1],"1":[2,1],"2":[0,0],"3":[0,0],"4":[14,24],"5":[14,10],"6":[24,24],"7":[10,7],"8":[8,30]},"_coverageSchema":"1a1c01bbd47fc00a2c39e90264f33305004495a9","hash":"53c6a346f3aa067e4d271a1547f3ea726bdd0079"}
,"/Users/rohitbansal/Desktop/RN/TestApp/src/notesApp/NotesItem.js": {"path":"/Users/rohitbansal/Desktop/RN/TestApp/src/notesApp/NotesItem.js","statementMap":{"0":{"start":{"line":3,"column":18},"end":{"line":20,"column":1}},"1":{"start":{"line":4,"column":2},"end":{"line":19,"column":4}},"2":{"start":{"line":7,"column":21},"end":{"line":7,"column":37}},"3":{"start":{"line":9,"column":8},"end":{"line":9,"column":28}},"4":{"start":{"line":23,"column":15},"end":{"line":68,"column":2}}},"fnMap":{"0":{"name":"(anonymous_0)","decl":{"start":{"line":3,"column":18},"end":{"line":3,"column":19}},"loc":{"start":{"line":3,"column":51},"end":{"line":20,"column":1}},"line":3},"1":{"name":"(anonymous_1)","decl":{"start":{"line":7,"column":15},"end":{"line":7,"column":16}},"loc":{"start":{"line":7,"column":21},"end":{"line":7,"column":37}},"line":7},"2":{"name":"(anonymous_2)","decl":{"start":{"line":8,"column":19},"end":{"line":8,"column":20}},"loc":{"start":{"line":8,"column":25},"end":{"line":10,"column":7}},"line":8}},"branchMap":{},"s":{"0":3,"1":9,"2":1,"3":1,"4":3},"f":{"0":9,"1":1,"2":1},"b":{},"_coverageSchema":"1a1c01bbd47fc00a2c39e90264f33305004495a9","hash":"8eda09876f145ae924a22acd8461a844960ddc6e"}
,"/Users/rohitbansal/Desktop/RN/TestApp/src/notesApp/NotesList.js": {"path":"/Users/rohitbansal/Desktop/RN/TestApp/src/notesApp/NotesList.js","statementMap":{"0":{"start":{"line":5,"column":18},"end":{"line":46,"column":1}},"1":{"start":{"line":6,"column":21},"end":{"line":14,"column":3}},"2":{"start":{"line":7,"column":4},"end":{"line":13,"column":6}},"3":{"start":{"line":16,"column":32},"end":{"line":26,"column":3}},"4":{"start":{"line":17,"column":4},"end":{"line":25,"column":6}},"5":{"start":{"line":28,"column":2},"end":{"line":45,"column":4}},"6":{"start":{"line":42,"column":30},"end":{"line":42,"column":37}}},"fnMap":{"0":{"name":"(anonymous_0)","decl":{"start":{"line":5,"column":18},"end":{"line":5,"column":19}},"loc":{"start":{"line":5,"column":63},"end":{"line":46,"column":1}},"line":5},"1":{"name":"(anonymous_1)","decl":{"start":{"line":6,"column":21},"end":{"line":6,"column":22}},"loc":{"start":{"line":7,"column":4},"end":{"line":13,"column":6}},"line":7},"2":{"name":"(anonymous_2)","decl":{"start":{"line":16,"column":32},"end":{"line":16,"column":33}},"loc":{"start":{"line":16,"column":38},"end":{"line":26,"column":3}},"line":16},"3":{"name":"(anonymous_3)","decl":{"start":{"line":42,"column":22},"end":{"line":42,"column":23}},"loc":{"start":{"line":42,"column":30},"end":{"line":42,"column":37}},"line":42}},"branchMap":{},"s":{"0":2,"1":9,"2":7,"3":9,"4":0,"5":9,"6":7},"f":{"0":9,"1":7,"2":0,"3":7},"b":{},"_coverageSchema":"1a1c01bbd47fc00a2c39e90264f33305004495a9","hash":"9df2433ece9d4cbd8faf2773b2a15cf940a062ee"}
}
