{"/Users/rohitbansal/Desktop/RN/TestApp/src/asyncStorage/Local.js": {"path":"/Users/rohitbansal/Desktop/RN/TestApp/src/asyncStorage/Local.js","statementMap":{"0":{"start":{"line":4,"column":26},"end":{"line":10,"column":1}},"1":{"start":{"line":5,"column":2},"end":{"line":9,"column":3}},"2":{"start":{"line":6,"column":4},"end":{"line":6,"column":47}},"3":{"start":{"line":12,"column":29},"end":{"line":22,"column":1}},"4":{"start":{"line":13,"column":2},"end":{"line":21,"column":3}},"5":{"start":{"line":14,"column":18},"end":{"line":14,"column":53}},"6":{"start":{"line":15,"column":4},"end":{"line":18,"column":5}},"7":{"start":{"line":17,"column":6},"end":{"line":17,"column":19}},"8":{"start":{"line":24,"column":31},"end":{"line":31,"column":1}},"9":{"start":{"line":25,"column":2},"end":{"line":30,"column":4}},"10":{"start":{"line":33,"column":29},"end":{"line":37,"column":1}},"11":{"start":{"line":34,"column":2},"end":{"line":34,"column":20}},"12":{"start":{"line":35,"column":12},"end":{"line":35,"column":57}},"13":{"start":{"line":36,"column":2},"end":{"line":36,"column":34}}},"fnMap":{"0":{"name":"(anonymous_0)","decl":{"start":{"line":4,"column":26},"end":{"line":4,"column":27}},"loc":{"start":{"line":4,"column":41},"end":{"line":10,"column":1}},"line":4},"1":{"name":"(anonymous_1)","decl":{"start":{"line":12,"column":29},"end":{"line":12,"column":30}},"loc":{"start":{"line":12,"column":41},"end":{"line":22,"column":1}},"line":12},"2":{"name":"(anonymous_2)","decl":{"start":{"line":24,"column":31},"end":{"line":24,"column":32}},"loc":{"start":{"line":24,"column":59},"end":{"line":31,"column":1}},"line":24},"3":{"name":"(anonymous_3)","decl":{"start":{"line":33,"column":29},"end":{"line":33,"column":30}},"loc":{"start":{"line":33,"column":37},"end":{"line":37,"column":1}},"line":33}},"branchMap":{"0":{"loc":{"start":{"line":15,"column":4},"end":{"line":18,"column":5}},"type":"if","locations":[{"start":{"line":15,"column":4},"end":{"line":18,"column":5}},{"start":{"line":15,"column":4},"end":{"line":18,"column":5}}],"line":15}},"s":{"0":1,"1":0,"2":0,"3":1,"4":0,"5":0,"6":0,"7":0,"8":1,"9":0,"10":1,"11":8,"12":8,"13":8},"f":{"0":0,"1":0,"2":0,"3":8},"b":{"0":[0,0]},"_coverageSchema":"1a1c01bbd47fc00a2c39e90264f33305004495a9","hash":"eb5bc80af06e9204362e256193c27229ce39018c"}
,"/Users/rohitbansal/Desktop/RN/TestApp/src/components/Input.js": {"path":"/Users/rohitbansal/Desktop/RN/TestApp/src/components/Input.js","statementMap":{"0":{"start":{"line":4,"column":14},"end":{"line":13,"column":1}},"1":{"start":{"line":5,"column":2},"end":{"line":12,"column":9}}},"fnMap":{"0":{"name":"(anonymous_0)","decl":{"start":{"line":4,"column":14},"end":{"line":4,"column":15}},"loc":{"start":{"line":5,"column":2},"end":{"line":12,"column":9}},"line":5}},"branchMap":{},"s":{"0":1,"1":136},"f":{"0":136},"b":{},"_coverageSchema":"1a1c01bbd47fc00a2c39e90264f33305004495a9","hash":"e326acf1b5186aab866043385ad74d305ed18e6b"}
,"/Users/rohitbansal/Desktop/RN/TestApp/src/components/Loader.js": {"path":"/Users/rohitbansal/Desktop/RN/TestApp/src/components/Loader.js","statementMap":{"0":{"start":{"line":4,"column":15},"end":{"line":12,"column":1}},"1":{"start":{"line":5,"column":2},"end":{"line":11,"column":10}}},"fnMap":{"0":{"name":"(anonymous_0)","decl":{"start":{"line":4,"column":15},"end":{"line":4,"column":16}},"loc":{"start":{"line":5,"column":2},"end":{"line":11,"column":10}},"line":5}},"branchMap":{},"s":{"0":1,"1":34},"f":{"0":34},"b":{},"_coverageSchema":"1a1c01bbd47fc00a2c39e90264f33305004495a9","hash":"2750eb4109dabbbca86b2adf21e379866ace126a"}
,"/Users/rohitbansal/Desktop/RN/TestApp/src/screens/registerScreen/Signup.js": {"path":"/Users/rohitbansal/Desktop/RN/TestApp/src/screens/registerScreen/Signup.js","statementMap":{"0":{"start":{"line":19,"column":32},"end":{"line":25,"column":1}},"1":{"start":{"line":26,"column":15},"end":{"line":188,"column":1}},"2":{"start":{"line":27,"column":28},"end":{"line":27,"column":40}},"3":{"start":{"line":28,"column":34},"end":{"line":28,"column":46}},"4":{"start":{"line":29,"column":34},"end":{"line":29,"column":46}},"5":{"start":{"line":30,"column":48},"end":{"line":30,"column":60}},"6":{"start":{"line":31,"column":30},"end":{"line":31,"column":45}},"7":{"start":{"line":32,"column":38},"end":{"line":32,"column":50}},"8":{"start":{"line":33,"column":44},"end":{"line":33,"column":56}},"9":{"start":{"line":34,"column":44},"end":{"line":34,"column":56}},"10":{"start":{"line":35,"column":46},"end":{"line":35,"column":58}},"11":{"start":{"line":36,"column":48},"end":{"line":36,"column":60}},"12":{"start":{"line":38,"column":23},"end":{"line":69,"column":3}},"13":{"start":{"line":39,"column":4},"end":{"line":68,"column":5}},"14":{"start":{"line":40,"column":6},"end":{"line":40,"column":53}},"15":{"start":{"line":41,"column":11},"end":{"line":68,"column":5}},"16":{"start":{"line":42,"column":6},"end":{"line":42,"column":49}},"17":{"start":{"line":43,"column":11},"end":{"line":68,"column":5}},"18":{"start":{"line":44,"column":6},"end":{"line":44,"column":55}},"19":{"start":{"line":45,"column":11},"end":{"line":68,"column":5}},"20":{"start":{"line":46,"column":6},"end":{"line":46,"column":55}},"21":{"start":{"line":47,"column":11},"end":{"line":68,"column":5}},"22":{"start":{"line":48,"column":6},"end":{"line":48,"column":56}},"23":{"start":{"line":50,"column":6},"end":{"line":50,"column":22}},"24":{"start":{"line":51,"column":6},"end":{"line":67,"column":11}},"25":{"start":{"line":58,"column":10},"end":{"line":58,"column":27}},"26":{"start":{"line":59,"column":10},"end":{"line":59,"column":54}},"27":{"start":{"line":60,"column":10},"end":{"line":60,"column":51}},"28":{"start":{"line":61,"column":10},"end":{"line":61,"column":39}},"29":{"start":{"line":64,"column":10},"end":{"line":64,"column":27}},"30":{"start":{"line":65,"column":10},"end":{"line":65,"column":48}},"31":{"start":{"line":66,"column":10},"end":{"line":66,"column":48}},"32":{"start":{"line":71,"column":21},"end":{"line":94,"column":3}},"33":{"start":{"line":72,"column":4},"end":{"line":92,"column":5}},"34":{"start":{"line":74,"column":8},"end":{"line":74,"column":23}},"35":{"start":{"line":75,"column":8},"end":{"line":75,"column":26}},"36":{"start":{"line":76,"column":8},"end":{"line":76,"column":14}},"37":{"start":{"line":79,"column":8},"end":{"line":79,"column":26}},"38":{"start":{"line":80,"column":8},"end":{"line":80,"column":29}},"39":{"start":{"line":81,"column":8},"end":{"line":81,"column":14}},"40":{"start":{"line":84,"column":8},"end":{"line":84,"column":26}},"41":{"start":{"line":85,"column":8},"end":{"line":85,"column":29}},"42":{"start":{"line":86,"column":8},"end":{"line":86,"column":14}},"43":{"start":{"line":89,"column":8},"end":{"line":89,"column":33}},"44":{"start":{"line":90,"column":8},"end":{"line":90,"column":30}},"45":{"start":{"line":91,"column":8},"end":{"line":91,"column":14}},"46":{"start":{"line":93,"column":4},"end":{"line":93,"column":27}},"47":{"start":{"line":95,"column":2},"end":{"line":187,"column":4}},"48":{"start":{"line":105,"column":32},"end":{"line":105,"column":57}},"49":{"start":{"line":115,"column":32},"end":{"line":115,"column":60}},"50":{"start":{"line":123,"column":32},"end":{"line":123,"column":60}},"51":{"start":{"line":134,"column":32},"end":{"line":134,"column":62}},"52":{"start":{"line":169,"column":14},"end":{"line":169,"column":43}}},"fnMap":{"0":{"name":"(anonymous_0)","decl":{"start":{"line":26,"column":15},"end":{"line":26,"column":16}},"loc":{"start":{"line":26,"column":33},"end":{"line":188,"column":1}},"line":26},"1":{"name":"(anonymous_1)","decl":{"start":{"line":38,"column":23},"end":{"line":38,"column":24}},"loc":{"start":{"line":38,"column":29},"end":{"line":69,"column":3}},"line":38},"2":{"name":"(anonymous_2)","decl":{"start":{"line":57,"column":14},"end":{"line":57,"column":15}},"loc":{"start":{"line":57,"column":34},"end":{"line":62,"column":9}},"line":57},"3":{"name":"(anonymous_3)","decl":{"start":{"line":63,"column":15},"end":{"line":63,"column":16}},"loc":{"start":{"line":63,"column":32},"end":{"line":67,"column":9}},"line":63},"4":{"name":"(anonymous_4)","decl":{"start":{"line":71,"column":21},"end":{"line":71,"column":22}},"loc":{"start":{"line":71,"column":37},"end":{"line":94,"column":3}},"line":71},"5":{"name":"(anonymous_5)","decl":{"start":{"line":105,"column":24},"end":{"line":105,"column":25}},"loc":{"start":{"line":105,"column":32},"end":{"line":105,"column":57}},"line":105},"6":{"name":"(anonymous_6)","decl":{"start":{"line":115,"column":24},"end":{"line":115,"column":25}},"loc":{"start":{"line":115,"column":32},"end":{"line":115,"column":60}},"line":115},"7":{"name":"(anonymous_7)","decl":{"start":{"line":123,"column":24},"end":{"line":123,"column":25}},"loc":{"start":{"line":123,"column":32},"end":{"line":123,"column":60}},"line":123},"8":{"name":"(anonymous_8)","decl":{"start":{"line":134,"column":24},"end":{"line":134,"column":25}},"loc":{"start":{"line":134,"column":32},"end":{"line":134,"column":62}},"line":134},"9":{"name":"(anonymous_9)","decl":{"start":{"line":168,"column":21},"end":{"line":168,"column":22}},"loc":{"start":{"line":168,"column":27},"end":{"line":170,"column":13}},"line":168}},"branchMap":{"0":{"loc":{"start":{"line":39,"column":4},"end":{"line":68,"column":5}},"type":"if","locations":[{"start":{"line":39,"column":4},"end":{"line":68,"column":5}},{"start":{"line":39,"column":4},"end":{"line":68,"column":5}}],"line":39},"1":{"loc":{"start":{"line":39,"column":8},"end":{"line":39,"column":76}},"type":"binary-expr","locations":[{"start":{"line":39,"column":8},"end":{"line":39,"column":26}},{"start":{"line":39,"column":30},"end":{"line":39,"column":51}},{"start":{"line":39,"column":55},"end":{"line":39,"column":76}}],"line":39},"2":{"loc":{"start":{"line":41,"column":11},"end":{"line":68,"column":5}},"type":"if","locations":[{"start":{"line":41,"column":11},"end":{"line":68,"column":5}},{"start":{"line":41,"column":11},"end":{"line":68,"column":5}}],"line":41},"3":{"loc":{"start":{"line":43,"column":11},"end":{"line":68,"column":5}},"type":"if","locations":[{"start":{"line":43,"column":11},"end":{"line":68,"column":5}},{"start":{"line":43,"column":11},"end":{"line":68,"column":5}}],"line":43},"4":{"loc":{"start":{"line":45,"column":11},"end":{"line":68,"column":5}},"type":"if","locations":[{"start":{"line":45,"column":11},"end":{"line":68,"column":5}},{"start":{"line":45,"column":11},"end":{"line":68,"column":5}}],"line":45},"5":{"loc":{"start":{"line":47,"column":11},"end":{"line":68,"column":5}},"type":"if","locations":[{"start":{"line":47,"column":11},"end":{"line":68,"column":5}},{"start":{"line":47,"column":11},"end":{"line":68,"column":5}}],"line":47},"6":{"loc":{"start":{"line":72,"column":4},"end":{"line":92,"column":5}},"type":"switch","locations":[{"start":{"line":73,"column":6},"end":{"line":76,"column":14}},{"start":{"line":78,"column":6},"end":{"line":81,"column":14}},{"start":{"line":83,"column":6},"end":{"line":86,"column":14}},{"start":{"line":88,"column":6},"end":{"line":91,"column":14}}],"line":72},"7":{"loc":{"start":{"line":143,"column":9},"end":{"line":147,"column":9}},"type":"binary-expr","locations":[{"start":{"line":143,"column":9},"end":{"line":143,"column":37}},{"start":{"line":144,"column":10},"end":{"line":146,"column":17}}],"line":143}},"s":{"0":1,"1":1,"2":39,"3":39,"4":39,"5":39,"6":39,"7":39,"8":39,"9":39,"10":39,"11":39,"12":39,"13":9,"14":1,"15":8,"16":1,"17":7,"18":1,"19":6,"20":1,"21":5,"22":1,"23":4,"24":4,"25":2,"26":2,"27":2,"28":2,"29":2,"30":2,"31":2,"32":39,"33":17,"34":5,"35":5,"36":5,"37":4,"38":4,"39":4,"40":5,"41":5,"42":5,"43":3,"44":3,"45":3,"46":17,"47":39,"48":5,"49":4,"50":5,"51":3,"52":1},"f":{"0":39,"1":9,"2":2,"3":2,"4":17,"5":5,"6":4,"7":5,"8":3,"9":1},"b":{"0":[1,8],"1":[9,2,1],"2":[1,7],"3":[1,6],"4":[1,5],"5":[1,4],"6":[5,4,5,3],"7":[39,1]},"_coverageSchema":"1a1c01bbd47fc00a2c39e90264f33305004495a9","hash":"4f93e7db03e008bfb4fcd245afe7cdaf461ffd4f"}
,"/Users/rohitbansal/Desktop/RN/TestApp/src/screens/registerScreen/signUpStyle.js": {"path":"/Users/rohitbansal/Desktop/RN/TestApp/src/screens/registerScreen/signUpStyle.js","statementMap":{},"fnMap":{},"branchMap":{},"s":{},"f":{},"b":{},"_coverageSchema":"1a1c01bbd47fc00a2c39e90264f33305004495a9","hash":"8c63238119f434f20fb18ceed347ebd480e8c64f"}
}
