TN:
SF:App.js
FN:29,(anonymous_0)
FN:55,(anonymous_1)
FNF:2
FNH:2
FNDA:4,(anonymous_0)
FNDA:1,(anonymous_1)
DA:29,1
DA:30,4
DA:31,4
DA:55,1
DA:56,1
DA:58,1
DA:62,1
DA:93,1
LF:8
LH:8
BRDA:37,0,0,0
BRDA:37,0,1,4
BRDA:46,1,0,0
BRDA:46,1,1,4
BRDA:59,2,0,0
BRDA:59,2,1,1
BRDA:64,3,0,0
BRDA:64,3,1,1
BRDA:71,4,0,0
BRDA:71,4,1,1
BRF:10
BRH:5
end_of_record
TN:
SF:src/login/LoginScreen.js
FN:17,(anonymous_0)
FN:22,(anonymous_1)
FN:46,(anonymous_2)
FN:53,(anonymous_3)
FNF:4
FNH:4
FNDA:12,(anonymous_0)
FNDA:4,(anonymous_1)
FNDA:2,(anonymous_2)
FNDA:2,(anonymous_3)
DA:12,1
DA:17,1
DA:18,12
DA:19,12
DA:20,12
DA:22,12
DA:23,4
DA:24,1
DA:25,3
DA:26,1
DA:27,2
DA:28,1
DA:30,1
DA:33,12
DA:46,2
DA:53,2
LF:16
LH:16
BRDA:23,0,0,1
BRDA:23,0,1,3
BRDA:23,1,0,4
BRDA:23,1,1,2
BRDA:25,2,0,1
BRDA:25,2,1,2
BRDA:27,3,0,1
BRDA:27,3,1,1
BRDA:35,4,0,12
BRDA:35,4,1,3
BRF:10
BRH:10
end_of_record
TN:
SF:src/login/LoginStyle.js
FNF:0
FNH:0
LF:0
LH:0
BRF:0
BRH:0
end_of_record
TN:
SF:src/notesApp/AddEditNote.js
FN:4,(anonymous_0)
FN:16,(anonymous_1)
FN:22,(anonymous_2)
FN:37,(anonymous_3)
FN:57,(anonymous_4)
FNF:5
FNH:5
FNDA:38,(anonymous_0)
FNDA:10,(anonymous_1)
FNDA:2,(anonymous_2)
FNDA:2,(anonymous_3)
FNDA:2,(anonymous_4)
DA:4,1
DA:14,38
DA:15,38
DA:16,38
DA:17,10
DA:18,10
DA:19,10
DA:22,38
DA:23,2
DA:24,2
DA:25,2
DA:26,2
DA:28,0
DA:30,38
DA:37,2
DA:57,2
LF:16
LH:15
BRDA:17,0,0,10
BRDA:17,0,1,0
BRDA:24,1,0,2
BRDA:24,1,1,0
BRDA:80,2,0,3
BRDA:80,2,1,35
BRF:6
BRH:4
end_of_record
TN:
SF:src/notesApp/App.js
FN:12,(anonymous_0)
FN:19,(anonymous_1)
FN:23,(anonymous_2)
FN:27,(anonymous_3)
FN:31,(anonymous_4)
FN:35,(anonymous_5)
FN:41,(anonymous_6)
FN:47,(anonymous_7)
FN:60,(anonymous_8)
FN:70,(anonymous_9)
FN:78,(anonymous_10)
FN:105,(anonymous_11)
FN:120,(anonymous_12)
FN:126,(anonymous_13)
FN:132,(anonymous_14)
FN:138,(anonymous_15)
FN:144,(anonymous_16)
FN:163,(anonymous_17)
FN:229,(anonymous_18)
FN:238,(anonymous_19)
FNF:20
FNH:12
FNDA:37,(anonymous_0)
FNDA:7,(anonymous_1)
FNDA:8,(anonymous_2)
FNDA:7,(anonymous_3)
FNDA:1,(anonymous_4)
FNDA:1,(anonymous_5)
FNDA:1,(anonymous_6)
FNDA:0,(anonymous_7)
FNDA:2,(anonymous_8)
FNDA:0,(anonymous_9)
FNDA:1,(anonymous_10)
FNDA:0,(anonymous_11)
FNDA:0,(anonymous_12)
FNDA:0,(anonymous_13)
FNDA:1,(anonymous_14)
FNDA:1,(anonymous_15)
FNDA:0,(anonymous_16)
FNDA:2,(anonymous_17)
FNDA:0,(anonymous_18)
FNDA:0,(anonymous_19)
DA:12,1
DA:13,37
DA:14,36
DA:15,36
DA:16,36
DA:17,36
DA:19,36
DA:20,7
DA:23,36
DA:24,8
DA:25,8
DA:28,7
DA:29,7
DA:32,1
DA:35,36
DA:36,1
DA:37,1
DA:39,1
DA:42,1
DA:43,1
DA:44,1
DA:45,1
DA:47,0
DA:60,36
DA:61,2
DA:62,1
DA:63,1
DA:65,1
DA:66,1
DA:71,0
DA:72,0
DA:73,0
DA:74,0
DA:75,0
DA:76,0
DA:79,1
DA:81,1
DA:105,36
DA:106,0
DA:107,0
DA:108,0
DA:109,0
DA:110,0
DA:112,0
DA:113,0
DA:121,0
DA:122,0
DA:123,0
DA:124,0
DA:127,0
DA:128,0
DA:132,36
DA:133,1
DA:134,1
DA:137,1
DA:139,1
DA:140,1
DA:141,1
DA:142,1
DA:145,0
DA:146,0
DA:163,36
DA:164,2
DA:165,2
DA:166,2
DA:169,36
DA:230,0
DA:231,0
DA:238,0
LF:69
LH:44
BRDA:61,0,0,1
BRDA:61,0,1,1
BRDA:61,1,0,2
BRDA:61,1,1,1
BRDA:108,2,0,0
BRDA:108,2,1,0
BRDA:108,3,0,0
BRDA:108,3,1,0
BRDA:181,4,0,36
BRDA:181,4,1,14
BRDA:212,5,0,8
BRDA:212,5,1,28
BRDA:215,6,0,36
BRDA:215,6,1,28
BRF:14
BRH:10
end_of_record
TN:
SF:src/notesApp/NotesItem.js
FN:3,(anonymous_0)
FN:12,(anonymous_1)
FN:18,(anonymous_2)
FNF:3
FNH:3
FNDA:12,(anonymous_0)
FNDA:2,(anonymous_1)
FNDA:2,(anonymous_2)
DA:3,3
DA:4,12
DA:5,12
DA:12,2
DA:18,2
LF:5
LH:5
BRF:0
BRH:0
end_of_record
TN:
SF:src/notesApp/NotesList.js
FN:4,(anonymous_0)
FN:5,(anonymous_1)
FN:15,(anonymous_2)
FN:49,(anonymous_3)
FNF:4
FNH:3
FNDA:30,(anonymous_0)
FNDA:10,(anonymous_1)
FNDA:0,(anonymous_2)
FNDA:10,(anonymous_3)
DA:4,2
DA:5,30
DA:6,10
DA:15,30
DA:16,0
DA:27,30
DA:49,10
LF:7
LH:6
BRDA:28,0,0,30
BRDA:28,0,1,30
BRDA:29,1,0,30
BRDA:29,1,1,30
BRDA:29,1,2,20
BRDA:43,2,0,30
BRDA:43,2,1,30
BRDA:43,2,2,10
BRF:8
BRH:8
end_of_record
