TN:
SF:App.js
FN:29,(anonymous_0)
FN:55,(anonymous_1)
FNF:2
FNH:2
FNDA:4,(anonymous_0)
FNDA:1,(anonymous_1)
DA:29,1
DA:30,4
DA:31,4
DA:55,1
DA:56,1
DA:58,1
DA:62,1
DA:93,1
LF:8
LH:8
BRDA:37,0,0,0
BRDA:37,0,1,4
BRDA:46,1,0,0
BRDA:46,1,1,4
BRDA:59,2,0,0
BRDA:59,2,1,1
BRDA:64,3,0,0
BRDA:64,3,1,1
BRDA:71,4,0,0
BRDA:71,4,1,1
BRF:10
BRH:5
end_of_record
TN:
SF:src/login/LoginScreen.js
FN:17,(anonymous_0)
FN:22,(anonymous_1)
FN:46,(anonymous_2)
FN:53,(anonymous_3)
FNF:4
FNH:4
FNDA:12,(anonymous_0)
FNDA:4,(anonymous_1)
FNDA:2,(anonymous_2)
FNDA:2,(anonymous_3)
DA:12,1
DA:17,1
DA:18,12
DA:19,12
DA:20,12
DA:22,12
DA:23,4
DA:24,1
DA:25,3
DA:26,1
DA:27,2
DA:28,1
DA:30,1
DA:33,12
DA:46,2
DA:53,2
LF:16
LH:16
BRDA:23,0,0,1
BRDA:23,0,1,3
BRDA:23,1,0,4
BRDA:23,1,1,2
BRDA:25,2,0,1
BRDA:25,2,1,2
BRDA:27,3,0,1
BRDA:27,3,1,1
BRDA:35,4,0,12
BRDA:35,4,1,3
BRF:10
BRH:10
end_of_record
TN:
SF:src/login/LoginStyle.js
FNF:0
FNH:0
LF:0
LH:0
BRF:0
BRH:0
end_of_record
TN:
SF:src/notesApp/App.js
FN:13,(anonymous_0)
FN:20,(anonymous_1)
FN:24,(anonymous_2)
FN:28,(anonymous_3)
FN:32,(anonymous_4)
FN:36,(anonymous_5)
FN:41,(anonymous_6)
FN:46,(anonymous_7)
FN:48,(anonymous_8)
FN:60,(anonymous_9)
FN:68,(anonymous_10)
FN:74,(anonymous_11)
FN:85,(anonymous_12)
FN:91,(anonymous_13)
FN:96,(anonymous_14)
FN:103,(anonymous_15)
FN:107,(anonymous_16)
FN:112,(anonymous_17)
FN:117,(anonymous_18)
FN:127,(anonymous_19)
FN:207,(anonymous_20)
FNF:21
FNH:19
FNDA:82,(anonymous_0)
FNDA:14,(anonymous_1)
FNDA:16,(anonymous_2)
FNDA:15,(anonymous_3)
FNDA:1,(anonymous_4)
FNDA:4,(anonymous_5)
FNDA:3,(anonymous_6)
FNDA:1,(anonymous_7)
FNDA:3,(anonymous_8)
FNDA:1,(anonymous_9)
FNDA:1,(anonymous_10)
FNDA:3,(anonymous_11)
FNDA:0,(anonymous_12)
FNDA:2,(anonymous_13)
FNDA:2,(anonymous_14)
FNDA:0,(anonymous_15)
FNDA:2,(anonymous_16)
FNDA:1,(anonymous_17)
FNDA:1,(anonymous_18)
FNDA:4,(anonymous_19)
FNDA:1,(anonymous_20)
DA:13,1
DA:14,82
DA:15,81
DA:16,81
DA:17,81
DA:18,81
DA:20,81
DA:21,14
DA:24,81
DA:25,16
DA:26,16
DA:29,15
DA:30,15
DA:33,1
DA:36,81
DA:37,4
DA:39,4
DA:42,3
DA:43,3
DA:44,3
DA:46,1
DA:48,81
DA:49,3
DA:50,3
DA:51,1
DA:52,1
DA:54,2
DA:55,2
DA:61,1
DA:62,1
DA:63,1
DA:64,1
DA:65,1
DA:66,1
DA:69,1
DA:70,1
DA:74,81
DA:75,3
DA:76,1
DA:77,1
DA:79,2
DA:80,2
DA:86,0
DA:87,0
DA:88,0
DA:89,0
DA:92,2
DA:96,81
DA:97,2
DA:108,2
DA:110,2
DA:113,1
DA:114,1
DA:115,1
DA:118,1
DA:127,81
DA:128,4
DA:129,4
DA:130,4
DA:133,81
DA:207,1
LF:61
LH:57
BRDA:50,0,0,1
BRDA:50,0,1,2
BRDA:50,1,0,3
BRDA:50,1,1,2
BRDA:75,2,0,1
BRDA:75,2,1,2
BRDA:75,3,0,3
BRDA:75,3,1,2
BRDA:145,4,0,33
BRDA:145,4,1,48
BRDA:151,5,0,27
BRDA:151,5,1,21
BRDA:151,6,0,48
BRDA:151,6,1,48
BRDA:165,7,0,21
BRDA:165,7,1,13
BRDA:199,8,0,21
BRDA:199,8,1,60
BRF:18
BRH:18
end_of_record
TN:
SF:src/notesApp/NotesItem.js
FN:3,(anonymous_0)
FN:7,(anonymous_1)
FN:8,(anonymous_2)
FNF:3
FNH:3
FNDA:16,(anonymous_0)
FNDA:4,(anonymous_1)
FNDA:2,(anonymous_2)
DA:3,3
DA:4,16
DA:7,4
DA:9,2
DA:23,3
LF:5
LH:5
BRF:0
BRH:0
end_of_record
TN:
SF:src/notesApp/NotesList.js
FN:5,(anonymous_0)
FN:6,(anonymous_1)
FN:16,(anonymous_2)
FN:42,(anonymous_3)
FNF:4
FNH:3
FNDA:16,(anonymous_0)
FNDA:14,(anonymous_1)
FNDA:0,(anonymous_2)
FNDA:14,(anonymous_3)
DA:5,2
DA:6,16
DA:7,14
DA:16,16
DA:17,0
DA:28,16
DA:42,14
LF:7
LH:6
BRF:0
BRH:0
end_of_record
TN:
SF:src/notesApp/addOrEdit/AddEditNote.js
FN:4,(anonymous_0)
FN:16,(anonymous_1)
FN:22,(anonymous_2)
FN:36,(anonymous_3)
FN:56,(anonymous_4)
FNF:5
FNH:5
FNDA:99,(anonymous_0)
FNDA:26,(anonymous_1)
FNDA:8,(anonymous_2)
FNDA:4,(anonymous_3)
FNDA:4,(anonymous_4)
DA:4,2
DA:14,99
DA:15,99
DA:16,99
DA:17,26
DA:18,26
DA:19,26
DA:22,99
DA:23,8
DA:24,4
DA:25,4
DA:27,4
DA:29,99
DA:36,4
DA:56,4
LF:15
LH:15
BRDA:17,0,0,26
BRDA:17,0,1,0
BRDA:23,1,0,4
BRDA:23,1,1,4
BRDA:79,2,0,13
BRDA:79,2,1,86
BRF:6
BRH:5
end_of_record
